Solving direct summation
0 --- Norm: 0.062323667050
1 --- Norm: 0.009754771708
2 --- Norm: 0.001340867450
3 --- Norm: 0.000302245010
4 --- Norm: 0.000043718915
5 --- Norm: 0.000009172610
6 --- Norm: 0.000001550710
7 --- Norm: 0.000000293951
8 --- Norm: 0.000000054705
9 --- Norm: 0.000000009649
System 15
Timer  9.2s lifetime:
  induced             7s 151ms
  static              1s 947ms

Solving FMM summation
0 --- Norm: 0.062323144237
1 --- Norm: 0.009754305435
2 --- Norm: 0.001340844154
3 --- Norm: 0.000302228923
4 --- Norm: 0.000043714939
5 --- Norm: 0.000009171478
6 --- Norm: 0.000001550428
7 --- Norm: 0.000000293872
8 --- Norm: 0.000000054689
9 --- Norm: 0.000000009646
Timer  5.5s lifetime:
  induced_fmm             3s 642ms
  static_fmm              1s 863ms

------------------------
Solving direct summation
0 --- Norm: 0.090170686153
1 --- Norm: 0.014454778050
2 --- Norm: 0.001936436830
3 --- Norm: 0.000437196146
4 --- Norm: 0.000061511917
5 --- Norm: 0.000012346609
6 --- Norm: 0.000002078174
7 --- Norm: 0.000000357147
8 --- Norm: 0.000000068049
9 --- Norm: 0.000000010894
10 --- Norm: 0.000000002091
System 20
Timer 47.8s lifetime:
  induced            37s 571ms
  static              9s 328ms

Solving FMM summation
0 --- Norm: 0.090172279172
1 --- Norm: 0.014454768617
2 --- Norm: 0.001936491251
3 --- Norm: 0.000437207210
4 --- Norm: 0.000061513769
5 --- Norm: 0.000012346783
6 --- Norm: 0.000002078169
7 --- Norm: 0.000000357145
8 --- Norm: 0.000000068047
9 --- Norm: 0.000000010893
10 --- Norm: 0.000000002091
Timer 11.8s lifetime:
  induced_fmm             9s 425ms
  static_fmm              2s 345ms

------------------------
Solving direct summation
0 --- Norm: 0.126445130008
1 --- Norm: 0.020034902895
2 --- Norm: 0.002682221308
3 --- Norm: 0.000591274127
4 --- Norm: 0.000083374449
5 --- Norm: 0.000017465210
6 --- Norm: 0.000002897863
7 --- Norm: 0.000000539218
8 --- Norm: 0.000000101568
9 --- Norm: 0.000000017541
10 --- Norm: 0.000000003542
System 25
Timer  2.7m lifetime:
  induced               2m  7s
  static             31s 572ms

Solving FMM summation
0 --- Norm: 0.126444853917
1 --- Norm: 0.020034711613
2 --- Norm: 0.002682186984
3 --- Norm: 0.000591259376
4 --- Norm: 0.000083371460
5 --- Norm: 0.000017464613
6 --- Norm: 0.000002897708
7 --- Norm: 0.000000539171
8 --- Norm: 0.000000101556
9 --- Norm: 0.000000017538
10 --- Norm: 0.000000003541
Timer 36.7s lifetime:
  induced_fmm            29s 389ms
  static_fmm              7s 287ms

------------------------
Solving direct summation
0 --- Norm: 0.161355921340
1 --- Norm: 0.025390810382
2 --- Norm: 0.003467686871
3 --- Norm: 0.000781787718
4 --- Norm: 0.000112814174
5 --- Norm: 0.000024026943
6 --- Norm: 0.000004160542
7 --- Norm: 0.000000777909
8 --- Norm: 0.000000154146
9 --- Norm: 0.000000026716
10 --- Norm: 0.000000005391
System 30
Timer  7.2m lifetime:
  induced               5m 47s
  static             86s 492ms

Solving FMM summation
0 --- Norm: 0.161356685734
1 --- Norm: 0.025390769137
2 --- Norm: 0.003467731021
3 --- Norm: 0.000781806428
4 --- Norm: 0.000112819205
5 --- Norm: 0.000024028516
6 --- Norm: 0.000004160889
7 --- Norm: 0.000000777994
8 --- Norm: 0.000000154161
9 --- Norm: 0.000000026719
10 --- Norm: 0.000000005391
Timer   70s lifetime:
  induced_fmm            56s 413ms
  static_fmm             14s 346ms

------------------------
Solving direct summation
0 --- Norm: 0.199074281567
1 --- Norm: 0.031167923369
2 --- Norm: 0.004124816656
3 --- Norm: 0.000914403718
4 --- Norm: 0.000129808430
5 --- Norm: 0.000026949614
6 --- Norm: 0.000004515252
7 --- Norm: 0.000000840143
8 --- Norm: 0.000000159156
9 --- Norm: 0.000000027667
10 --- Norm: 0.000000005553
System 35
Timer 17.3m lifetime:
  induced              13m 49s
  static                3m 25s

Solving FMM summation
0 --- Norm: 0.199074499668
1 --- Norm: 0.031167620988
2 --- Norm: 0.004124883179
3 --- Norm: 0.000914401037
4 --- Norm: 0.000129805310
5 --- Norm: 0.000026948174
6 --- Norm: 0.000004514910
7 --- Norm: 0.000000840072
8 --- Norm: 0.000000159139
9 --- Norm: 0.000000027663
10 --- Norm: 0.000000005552
Timer 57.8s lifetime:
  induced_fmm            46s  64ms
  static_fmm             11s 582ms

------------------------
Solving direct summation
0 --- Norm: 0.249279681301
1 --- Norm: 0.039811665972
2 --- Norm: 0.005341294739
3 --- Norm: 0.001200572437
4 --- Norm: 0.000171865201
5 --- Norm: 0.000036151612
6 --- Norm: 0.000006273651
7 --- Norm: 0.000001203450
8 --- Norm: 0.000000236754
9 --- Norm: 0.000000041823
10 --- Norm: 0.000000008554
System 40
Timer 36.4m lifetime:
  induced              29m  6s
  static                7m 15s

Solving FMM summation
0 --- Norm: 0.249280269535
1 --- Norm: 0.039810804295
2 --- Norm: 0.005341144795
3 --- Norm: 0.001200514459
4 --- Norm: 0.000171854286
5 --- Norm: 0.000036149341
6 --- Norm: 0.000006273142
7 --- Norm: 0.000001203338
8 --- Norm: 0.000000236731
9 --- Norm: 0.000000041819
10 --- Norm: 0.000000008553
Timer   94s lifetime:
  induced_fmm            75s  66ms
  static_fmm             18s 886ms

------------------------
Solving direct summation
0 --- Norm: 0.292409998700
1 --- Norm: 0.046130727862
2 --- Norm: 0.006205445273
3 --- Norm: 0.001387426748
4 --- Norm: 0.000196965759
5 --- Norm: 0.000041067277
6 --- Norm: 0.000006898544
7 --- Norm: 0.000001277731
8 --- Norm: 0.000000246658
9 --- Norm: 0.000000042837
10 --- Norm: 0.000000008720
System 45
Timer  1.2h lifetime:
  induced              57m 26s
  static               14m 14s

Solving FMM summation
0 --- Norm: 0.292406875397
1 --- Norm: 0.046130235990
2 --- Norm: 0.006205404178
3 --- Norm: 0.001387422060
4 --- Norm: 0.000196967069
5 --- Norm: 0.000041067974
6 --- Norm: 0.000006898700
7 --- Norm: 0.000001277775
8 --- Norm: 0.000000246667
9 --- Norm: 0.000000042840
10 --- Norm: 0.000000008721
Timer  2.8m lifetime:
  induced_fmm               2m 15s
  static_fmm             33s 769ms

------------------------
Solving direct summation
0 --- Norm: 0.340234702440
1 --- Norm: 0.053577217437
2 --- Norm: 0.007185061492
3 --- Norm: 0.001606569277
4 --- Norm: 0.000230763221
5 --- Norm: 0.000048624491
6 --- Norm: 0.000008409196
7 --- Norm: 0.000001605431
8 --- Norm: 0.000000323769
9 --- Norm: 0.000000058362
10 --- Norm: 0.000000012299
11 --- Norm: 0.000000002228
System 50
Timer  2.4h lifetime:
  induced               1h 56m
  static               26m 28s

Solving FMM summation
0 --- Norm: 0.340234172837
1 --- Norm: 0.053577095038
2 --- Norm: 0.007185089865
3 --- Norm: 0.001606555554
4 --- Norm: 0.000230762580
5 --- Norm: 0.000048625109
6 --- Norm: 0.000008409565
7 --- Norm: 0.000001605533
8 --- Norm: 0.000000323799
9 --- Norm: 0.000000058369
10 --- Norm: 0.000000012301
11 --- Norm: 0.000000002228
Timer  5.3m lifetime:
  induced_fmm               4m 19s
  static_fmm             60s 444ms

------------------------
Solving direct summation
0 --- Norm: 0.395296313168
1 --- Norm: 0.062523277167
2 --- Norm: 0.008414912705
3 --- Norm: 0.001884008465
4 --- Norm: 0.000270418766
5 --- Norm: 0.000057428669
6 --- Norm: 0.000009993504
7 --- Norm: 0.000001908097
8 --- Norm: 0.000000381444
9 --- Norm: 0.000000067450
10 --- Norm: 0.000000013850
11 --- Norm: 0.000000002437
System 55
Timer  4.5h lifetime:
  induced               3h 37m
  static               50m 23s

Solving FMM summation
0 --- Norm: 0.395296202961
1 --- Norm: 0.062523253477
2 --- Norm: 0.008414906784
3 --- Norm: 0.001884012227
4 --- Norm: 0.000270424613
5 --- Norm: 0.000057430782
6 --- Norm: 0.000009994017
7 --- Norm: 0.000001908219
8 --- Norm: 0.000000381467
9 --- Norm: 0.000000067454
10 --- Norm: 0.000000013851
11 --- Norm: 0.000000002437
Timer  8.9m lifetime:
  induced_fmm               7m 11s
  static_fmm            100s 957ms

------------------------
Solving direct summation
0 --- Norm: 0.446619187761
1 --- Norm: 0.070884618783
2 --- Norm: 0.009509701023
3 --- Norm: 0.002135567637
4 --- Norm: 0.000306807104
5 --- Norm: 0.000064688830
6 --- Norm: 0.000011153446
7 --- Norm: 0.000002092951
8 --- Norm: 0.000000409757
9 --- Norm: 0.000000071739
10 --- Norm: 0.000000014738
11 --- Norm: 0.000000002629
System 60
Timer  8.5h lifetime:
  induced               6h 53m
  static                1h 37m

Solving FMM summation
0 --- Norm: 0.446615943002
1 --- Norm: 0.070884728631
2 --- Norm: 0.009509638238
3 --- Norm: 0.002135573758
4 --- Norm: 0.000306810196
5 --- Norm: 0.000064689452
6 --- Norm: 0.000011153695
7 --- Norm: 0.000002092989
8 --- Norm: 0.000000409770
9 --- Norm: 0.000000071742
10 --- Norm: 0.000000014739
11 --- Norm: 0.000000002629
Timer 14.0m lifetime:
  induced_fmm              11m 19s
  static_fmm                2m 36s

------------------------
