Solving direct summation
0 --- Norm: 0.030268628105
1 --- Norm: 0.004269401913
2 --- Norm: 0.000567017149
3 --- Norm: 0.000111512881
4 --- Norm: 0.000015112085
5 --- Norm: 0.000002961804
6 --- Norm: 0.000000452864
7 --- Norm: 0.000000082991
8 --- Norm: 0.000000013630
9 --- Norm: 0.000000002273
System 10
Timer  1.2s lifetime:
  induced            887.192ms
  static             249.865ms

Solving FMM summation
0 --- Norm: 0.030268365893
1 --- Norm: 0.004269340797
2 --- Norm: 0.000567004250
3 --- Norm: 0.000111510607
4 --- Norm: 0.000015111774
5 --- Norm: 0.000002961729
6 --- Norm: 0.000000452847
7 --- Norm: 0.000000082987
8 --- Norm: 0.000000013629
9 --- Norm: 0.000000002273
Timer  2.5s lifetime:
  induced_fmm            821.836ms
  static_fmm             215.759ms

------------------------
